<?xml version="1.0" encoding="UTF-8"?>
<testng-results skipped="0" failed="1" total="2" passed="1">
  <reporter-output>
  </reporter-output>
  <suite name="Default suite" duration-ms="55013" started-at="2018-10-11T11:10:42Z" finished-at="2018-10-11T11:11:37Z">
    <groups>
    </groups>
    <test name="Default test" duration-ms="55013" started-at="2018-10-11T11:10:42Z" finished-at="2018-10-11T11:11:37Z">
      <class name="com.owm.testcases.WeatherMapHomePageTest">
        <test-method status="PASS" signature="setup()[pri:0, instance:com.owm.testcases.WeatherMapHomePageTest@31ef45e3]" name="setup" is-config="true" duration-ms="201" started-at="2018-10-11T16:40:42Z" finished-at="2018-10-11T16:40:42Z">
          <reporter-output>
          </reporter-output>
        </test-method> <!-- setup -->
        <test-method status="PASS" signature="getMethodNameInReport(java.lang.reflect.Method)[pri:0, instance:com.owm.testcases.WeatherMapHomePageTest@31ef45e3]" name="getMethodNameInReport" is-config="true" duration-ms="9" started-at="2018-10-11T16:40:42Z" finished-at="2018-10-11T16:40:42Z">
          <params>
            <param index="0">
              <value>
                <![CDATA[public void com.owm.testcases.WeatherMapHomePageTest.homePageTitleTest()]]>
              </value>
            </param>
          </params>
          <reporter-output>
          </reporter-output>
        </test-method> <!-- getMethodNameInReport -->
        <test-method status="PASS" signature="beforeTestTasks()[pri:0, instance:com.owm.testcases.WeatherMapHomePageTest@31ef45e3]" name="beforeTestTasks" is-config="true" duration-ms="10106" started-at="2018-10-11T16:40:42Z" finished-at="2018-10-11T16:40:53Z">
          <reporter-output>
          </reporter-output>
        </test-method> <!-- beforeTestTasks -->
        <test-method status="PASS" signature="homePageTitleTest()[pri:0, instance:com.owm.testcases.WeatherMapHomePageTest@31ef45e3]" name="homePageTitleTest" duration-ms="40" started-at="2018-10-11T16:40:53Z" finished-at="2018-10-11T16:40:53Z">
          <reporter-output>
          </reporter-output>
        </test-method> <!-- homePageTitleTest -->
        <test-method status="PASS" signature="tearDown()[pri:0, instance:com.owm.testcases.WeatherMapHomePageTest@31ef45e3]" name="tearDown" is-config="true" duration-ms="1053" started-at="2018-10-11T16:40:53Z" finished-at="2018-10-11T16:40:54Z">
          <reporter-output>
          </reporter-output>
        </test-method> <!-- tearDown -->
        <test-method status="PASS" signature="beforeTestTasks()[pri:0, instance:com.owm.testcases.WeatherMapHomePageTest@31ef45e3]" name="beforeTestTasks" is-config="true" duration-ms="12301" started-at="2018-10-11T16:40:54Z" finished-at="2018-10-11T16:41:06Z">
          <reporter-output>
          </reporter-output>
        </test-method> <!-- beforeTestTasks -->
        <test-method status="PASS" signature="getMethodNameInReport(java.lang.reflect.Method)[pri:0, instance:com.owm.testcases.WeatherMapHomePageTest@31ef45e3]" name="getMethodNameInReport" is-config="true" duration-ms="0" started-at="2018-10-11T16:40:54Z" finished-at="2018-10-11T16:40:54Z">
          <params>
            <param index="0">
              <value>
                <![CDATA[public void com.owm.testcases.WeatherMapHomePageTest.openWeatherMapLogoTest()]]>
              </value>
            </param>
          </params>
          <reporter-output>
          </reporter-output>
        </test-method> <!-- getMethodNameInReport -->
        <test-method status="FAIL" signature="openWeatherMapLogoTest()[pri:0, instance:com.owm.testcases.WeatherMapHomePageTest@31ef45e3]" name="openWeatherMapLogoTest" duration-ms="30102" started-at="2018-10-11T16:41:06Z" finished-at="2018-10-11T16:41:36Z">
          <exception class="org.openqa.selenium.NoSuchElementException">
            <message>
              <![CDATA[no such element: Unable to locate element: {"method":"xpath","selector":"//img[@alt='openweathermap1']"}
  (Session info: chrome=69.0.3497.100)
  (Driver info: chromedriver=2.38.552522 (437e6fbedfa8762dec75e2c5b3ddb86763dc9dcb),platform=Windows NT 10.0.17134 x86_64) (WARNING: The server did not provide any stacktrace information)
Command duration or timeout: 0 milliseconds
For documentation on this error, please visit: http://seleniumhq.org/exceptions/no_such_element.html
Build info: version: '3.12.0', revision: '7c6e0b3', time: '2018-05-08T14:04:26.12Z'
System info: host: 'DESKTOP-7PGM774', ip: '192.168.1.100', os.name: 'Windows 10', os.arch: 'amd64', os.version: '10.0', java.version: '1.8.0_71'
Driver info: org.openqa.selenium.chrome.ChromeDriver
Capabilities {acceptInsecureCerts: false, acceptSslCerts: false, applicationCacheEnabled: false, browserConnectionEnabled: false, browserName: chrome, chrome: {chromedriverVersion: 2.38.552522 (437e6fbedfa876..., userDataDir: C:\Users\Prasanta\AppData\L...}, cssSelectorsEnabled: true, databaseEnabled: false, handlesAlerts: true, hasTouchScreen: false, javascriptEnabled: true, locationContextEnabled: true, mobileEmulationEnabled: false, nativeEvents: true, networkConnectionEnabled: false, pageLoadStrategy: normal, platform: XP, platformName: XP, rotatable: false, setWindowRect: true, takesHeapSnapshot: true, takesScreenshot: true, unexpectedAlertBehaviour: , unhandledPromptBehavior: , version: 69.0.3497.100, webStorageEnabled: true}
Session ID: 04bff42557f3639830fcdba7df62454d
*** Element info: {Using=xpath, value=//img[@alt='openweathermap1']}]]>
            </message>
            <full-stacktrace>
              <![CDATA[org.openqa.selenium.NoSuchElementException: no such element: Unable to locate element: {"method":"xpath","selector":"//img[@alt='openweathermap1']"}
  (Session info: chrome=69.0.3497.100)
  (Driver info: chromedriver=2.38.552522 (437e6fbedfa8762dec75e2c5b3ddb86763dc9dcb),platform=Windows NT 10.0.17134 x86_64) (WARNING: The server did not provide any stacktrace information)
Command duration or timeout: 0 milliseconds
For documentation on this error, please visit: http://seleniumhq.org/exceptions/no_such_element.html
Build info: version: '3.12.0', revision: '7c6e0b3', time: '2018-05-08T14:04:26.12Z'
System info: host: 'DESKTOP-7PGM774', ip: '192.168.1.100', os.name: 'Windows 10', os.arch: 'amd64', os.version: '10.0', java.version: '1.8.0_71'
Driver info: org.openqa.selenium.chrome.ChromeDriver
Capabilities {acceptInsecureCerts: false, acceptSslCerts: false, applicationCacheEnabled: false, browserConnectionEnabled: false, browserName: chrome, chrome: {chromedriverVersion: 2.38.552522 (437e6fbedfa876..., userDataDir: C:\Users\Prasanta\AppData\L...}, cssSelectorsEnabled: true, databaseEnabled: false, handlesAlerts: true, hasTouchScreen: false, javascriptEnabled: true, locationContextEnabled: true, mobileEmulationEnabled: false, nativeEvents: true, networkConnectionEnabled: false, pageLoadStrategy: normal, platform: XP, platformName: XP, rotatable: false, setWindowRect: true, takesHeapSnapshot: true, takesScreenshot: true, unexpectedAlertBehaviour: , unhandledPromptBehavior: , version: 69.0.3497.100, webStorageEnabled: true}
Session ID: 04bff42557f3639830fcdba7df62454d
*** Element info: {Using=xpath, value=//img[@alt='openweathermap1']}
	at sun.reflect.NativeConstructorAccessorImpl.newInstance0(Native Method)
	at sun.reflect.NativeConstructorAccessorImpl.newInstance(NativeConstructorAccessorImpl.java:62)
	at sun.reflect.DelegatingConstructorAccessorImpl.newInstance(DelegatingConstructorAccessorImpl.java:45)
	at java.lang.reflect.Constructor.newInstance(Constructor.java:422)
	at org.openqa.selenium.remote.ErrorHandler.createThrowable(ErrorHandler.java:214)
	at org.openqa.selenium.remote.ErrorHandler.throwIfResponseFailed(ErrorHandler.java:166)
	at org.openqa.selenium.remote.http.JsonHttpResponseCodec.reconstructValue(JsonHttpResponseCodec.java:40)
	at org.openqa.selenium.remote.http.AbstractHttpResponseCodec.decode(AbstractHttpResponseCodec.java:80)
	at org.openqa.selenium.remote.http.AbstractHttpResponseCodec.decode(AbstractHttpResponseCodec.java:44)
	at org.openqa.selenium.remote.HttpCommandExecutor.execute(HttpCommandExecutor.java:158)
	at org.openqa.selenium.remote.service.DriverCommandExecutor.execute(DriverCommandExecutor.java:83)
	at org.openqa.selenium.remote.RemoteWebDriver.execute(RemoteWebDriver.java:543)
	at org.openqa.selenium.remote.RemoteWebDriver.findElement(RemoteWebDriver.java:317)
	at org.openqa.selenium.remote.RemoteWebDriver.findElementByXPath(RemoteWebDriver.java:419)
	at org.openqa.selenium.By$ByXPath.findElement(By.java:353)
	at org.openqa.selenium.remote.RemoteWebDriver.findElement(RemoteWebDriver.java:309)
	at org.openqa.selenium.support.pagefactory.DefaultElementLocator.findElement(DefaultElementLocator.java:69)
	at org.openqa.selenium.support.pagefactory.internal.LocatingElementHandler.invoke(LocatingElementHandler.java:38)
	at com.sun.proxy.$Proxy11.isDisplayed(Unknown Source)
	at com.owm.pages.HomePage.validateOpenWeatherMapImage(HomePage.java:47)
	at com.owm.testcases.WeatherMapHomePageTest.openWeatherMapLogoTest(WeatherMapHomePageTest.java:55)
	at sun.reflect.NativeMethodAccessorImpl.invoke0(Native Method)
	at sun.reflect.NativeMethodAccessorImpl.invoke(NativeMethodAccessorImpl.java:62)
	at sun.reflect.DelegatingMethodAccessorImpl.invoke(DelegatingMethodAccessorImpl.java:43)
	at java.lang.reflect.Method.invoke(Method.java:497)
	at org.testng.internal.MethodInvocationHelper.invokeMethod(MethodInvocationHelper.java:80)
	at org.testng.internal.Invoker.invokeMethod(Invoker.java:714)
	at org.testng.internal.Invoker.invokeTestMethod(Invoker.java:901)
	at org.testng.internal.Invoker.invokeTestMethods(Invoker.java:1231)
	at org.testng.internal.TestMethodWorker.invokeTestMethods(TestMethodWorker.java:127)
	at org.testng.internal.TestMethodWorker.run(TestMethodWorker.java:111)
	at org.testng.TestRunner.privateRun(TestRunner.java:767)
	at org.testng.TestRunner.run(TestRunner.java:617)
	at org.testng.SuiteRunner.runTest(SuiteRunner.java:334)
	at org.testng.SuiteRunner.runSequentially(SuiteRunner.java:329)
	at org.testng.SuiteRunner.privateRun(SuiteRunner.java:291)
	at org.testng.SuiteRunner.run(SuiteRunner.java:240)
	at org.testng.SuiteRunnerWorker.runSuite(SuiteRunnerWorker.java:52)
	at org.testng.SuiteRunnerWorker.run(SuiteRunnerWorker.java:86)
	at org.testng.TestNG.runSuitesSequentially(TestNG.java:1198)
	at org.testng.TestNG.runSuitesLocally(TestNG.java:1123)
	at org.testng.TestNG.run(TestNG.java:1031)
	at org.testng.remote.AbstractRemoteTestNG.run(AbstractRemoteTestNG.java:114)
	at org.testng.remote.RemoteTestNG.initAndRun(RemoteTestNG.java:251)
	at org.testng.remote.RemoteTestNG.main(RemoteTestNG.java:77)
]]>
            </full-stacktrace>
          </exception> <!-- org.openqa.selenium.NoSuchElementException -->
          <reporter-output>
          </reporter-output>
        </test-method> <!-- openWeatherMapLogoTest -->
        <test-method status="PASS" signature="tearDown()[pri:0, instance:com.owm.testcases.WeatherMapHomePageTest@31ef45e3]" name="tearDown" is-config="true" duration-ms="727" started-at="2018-10-11T16:41:37Z" finished-at="2018-10-11T16:41:37Z">
          <reporter-output>
          </reporter-output>
        </test-method> <!-- tearDown -->
      </class> <!-- com.owm.testcases.WeatherMapHomePageTest -->
    </test> <!-- Default test -->
  </suite> <!-- Default suite -->
</testng-results>
