<?xml version="1.0" encoding="UTF-8"?>
<!-- Generated by org.testng.reporters.JUnitXMLReporter -->
<testsuite hostname="DESKTOP-7PGM774" name="Prudential Weathermap Test Cases" tests="5" failures="0" timestamp="11 Oct 2018 11:08:07 GMT" time="182.751" errors="0">
  <testcase name="homePageTitleTest" time="0.019" classname="com.owm.testcases.WeatherMapHomePageTest"/>
  <testcase name="openWeatherMapLogoTest" time="0.046" classname="com.owm.testcases.WeatherMapHomePageTest"/>
  <testcase name="searchInvalidCityWeatherTest" time="28.475" classname="com.owm.testcases.SearchWeatherForInvalidCityTest"/>
  <testcase name="searchValidCityWeatherTest" time="13.695" classname="com.owm.testcases.SearchWeatherForValidCityTest"/>
  <testcase name="checkFarenheitTest" time="30.822" classname="com.owm.testcases.CentigradeToFarenheitTest"/>
</testsuite> <!-- Prudential Weathermap Test Cases -->
